<?xml version="1.0" encoding="UTF-8"?>
<testsuite xmlns:xsi="http://www.w3.org/2001/XMLSchema-instance" xsi:noNamespaceSchemaLocation="https://maven.apache.org/surefire/maven-surefire-plugin/xsd/surefire-test-report-3.0.xsd" version="3.0" name="TestSuite" time="5.314" tests="4" errors="0" skipped="0" failures="0">
  <properties>
    <property name="sun.desktop" value="gnome"/>
    <property name="awt.toolkit" value="sun.awt.X11.XToolkit"/>
    <property name="java.specification.version" value="11"/>
    <property name="sun.cpu.isalist" value=""/>
    <property name="sun.jnu.encoding" value="UTF-8"/>
    <property name="org.uncommons.reportng.escape-output" value="false"/>
    <property name="java.class.path" value="/home/ubuntu/Intellij Idea/com.scenario_projects.mq_back_stage/target/test-classes:/home/ubuntu/Intellij Idea/com.scenario_projects.mq_back_stage/target/classes:/home/ubuntu/.m2/repository/org/testng/testng/6.14.3/testng-6.14.3.jar:/home/ubuntu/.m2/repository/com/beust/jcommander/1.72/jcommander-1.72.jar:/home/ubuntu/.m2/repository/org/apache-extras/beanshell/bsh/2.0b6/bsh-2.0b6.jar:/home/ubuntu/.m2/repository/org/uncommons/reportng/1.1.4/reportng-1.1.4.jar:/home/ubuntu/.m2/repository/velocity/velocity/1.4/velocity-1.4.jar:/home/ubuntu/.m2/repository/velocity/velocity-dep/1.4/velocity-dep-1.4.jar:/home/ubuntu/.m2/repository/org/apache/velocity/velocity/1.7/velocity-1.7.jar:/home/ubuntu/.m2/repository/commons-collections/commons-collections/3.2.1/commons-collections-3.2.1.jar:/home/ubuntu/.m2/repository/commons-lang/commons-lang/2.4/commons-lang-2.4.jar:/home/ubuntu/.m2/repository/com/google/inject/guice/4.2.2/guice-4.2.2.jar:/home/ubuntu/.m2/repository/javax/inject/javax.inject/1/javax.inject-1.jar:/home/ubuntu/.m2/repository/aopalliance/aopalliance/1.0/aopalliance-1.0.jar:/home/ubuntu/.m2/repository/com/google/guava/guava/25.1-android/guava-25.1-android.jar:/home/ubuntu/.m2/repository/com/google/code/findbugs/jsr305/3.0.2/jsr305-3.0.2.jar:/home/ubuntu/.m2/repository/org/checkerframework/checker-compat-qual/2.0.0/checker-compat-qual-2.0.0.jar:/home/ubuntu/.m2/repository/com/google/errorprone/error_prone_annotations/2.1.3/error_prone_annotations-2.1.3.jar:/home/ubuntu/.m2/repository/com/google/j2objc/j2objc-annotations/1.1/j2objc-annotations-1.1.jar:/home/ubuntu/.m2/repository/org/codehaus/mojo/animal-sniffer-annotations/1.14/animal-sniffer-annotations-1.14.jar:/home/ubuntu/.m2/repository/org/apache/maven/maven-project/2.2.1/maven-project-2.2.1.jar:/home/ubuntu/.m2/repository/org/apache/maven/maven-settings/2.2.1/maven-settings-2.2.1.jar:/home/ubuntu/.m2/repository/org/apache/maven/maven-profile/2.2.1/maven-profile-2.2.1.jar:/home/ubuntu/.m2/repository/org/apache/maven/maven-model/2.2.1/maven-model-2.2.1.jar:/home/ubuntu/.m2/repository/org/apache/maven/maven-artifact-manager/2.2.1/maven-artifact-manager-2.2.1.jar:/home/ubuntu/.m2/repository/org/apache/maven/maven-repository-metadata/2.2.1/maven-repository-metadata-2.2.1.jar:/home/ubuntu/.m2/repository/org/apache/maven/wagon/wagon-provider-api/1.0-beta-6/wagon-provider-api-1.0-beta-6.jar:/home/ubuntu/.m2/repository/backport-util-concurrent/backport-util-concurrent/3.1/backport-util-concurrent-3.1.jar:/home/ubuntu/.m2/repository/org/apache/maven/maven-plugin-registry/2.2.1/maven-plugin-registry-2.2.1.jar:/home/ubuntu/.m2/repository/org/codehaus/plexus/plexus-interpolation/1.11/plexus-interpolation-1.11.jar:/home/ubuntu/.m2/repository/org/codehaus/plexus/plexus-utils/1.5.15/plexus-utils-1.5.15.jar:/home/ubuntu/.m2/repository/org/apache/maven/maven-artifact/2.2.1/maven-artifact-2.2.1.jar:/home/ubuntu/.m2/repository/org/codehaus/plexus/plexus-container-default/1.0-alpha-9-stable-1/plexus-container-default-1.0-alpha-9-stable-1.jar:/home/ubuntu/.m2/repository/junit/junit/3.8.1/junit-3.8.1.jar:/home/ubuntu/.m2/repository/classworlds/classworlds/1.1-alpha-2/classworlds-1.1-alpha-2.jar:/home/ubuntu/.m2/repository/io/rest-assured/rest-assured/4.0.0/rest-assured-4.0.0.jar:/home/ubuntu/.m2/repository/org/codehaus/groovy/groovy/2.5.6/groovy-2.5.6.jar:/home/ubuntu/.m2/repository/org/codehaus/groovy/groovy-xml/2.5.6/groovy-xml-2.5.6.jar:/home/ubuntu/.m2/repository/org/apache/httpcomponents/httpclient/4.5.3/httpclient-4.5.3.jar:/home/ubuntu/.m2/repository/org/apache/httpcomponents/httpcore/4.4.6/httpcore-4.4.6.jar:/home/ubuntu/.m2/repository/commons-logging/commons-logging/1.2/commons-logging-1.2.jar:/home/ubuntu/.m2/repository/commons-codec/commons-codec/1.9/commons-codec-1.9.jar:/home/ubuntu/.m2/repository/org/apache/httpcomponents/httpmime/4.5.3/httpmime-4.5.3.jar:/home/ubuntu/.m2/repository/org/hamcrest/hamcrest-core/2.1/hamcrest-core-2.1.jar:/home/ubuntu/.m2/repository/org/hamcrest/hamcrest/2.1/hamcrest-2.1.jar:/home/ubuntu/.m2/repository/org/hamcrest/hamcrest-library/2.1/hamcrest-library-2.1.jar:/home/ubuntu/.m2/repository/org/ccil/cowan/tagsoup/tagsoup/1.2.1/tagsoup-1.2.1.jar:/home/ubuntu/.m2/repository/io/rest-assured/xml-path/4.0.0/xml-path-4.0.0.jar:/home/ubuntu/.m2/repository/io/rest-assured/json-path/4.0.0/json-path-4.0.0.jar:/home/ubuntu/.m2/repository/org/codehaus/groovy/groovy-json/2.5.6/groovy-json-2.5.6.jar:/home/ubuntu/.m2/repository/io/rest-assured/rest-assured-common/4.0.0/rest-assured-common-4.0.0.jar:/home/ubuntu/.m2/repository/io/rest-assured/json-schema-validator/4.0.0/json-schema-validator-4.0.0.jar:/home/ubuntu/.m2/repository/com/github/java-json-tools/json-schema-validator/2.2.10/json-schema-validator-2.2.10.jar:/home/ubuntu/.m2/repository/com/github/java-json-tools/json-schema-core/1.2.10/json-schema-core-1.2.10.jar:/home/ubuntu/.m2/repository/com/github/java-json-tools/jackson-coreutils/1.9/jackson-coreutils-1.9.jar:/home/ubuntu/.m2/repository/com/fasterxml/jackson/core/jackson-databind/2.2.3/jackson-databind-2.2.3.jar:/home/ubuntu/.m2/repository/com/fasterxml/jackson/core/jackson-annotations/2.2.3/jackson-annotations-2.2.3.jar:/home/ubuntu/.m2/repository/com/fasterxml/jackson/core/jackson-core/2.2.3/jackson-core-2.2.3.jar:/home/ubuntu/.m2/repository/com/github/fge/msg-simple/1.1/msg-simple-1.1.jar:/home/ubuntu/.m2/repository/com/github/fge/btf/1.2/btf-1.2.jar:/home/ubuntu/.m2/repository/com/github/fge/uri-template/0.9/uri-template-0.9.jar:/home/ubuntu/.m2/repository/org/mozilla/rhino/1.7.7.1/rhino-1.7.7.1.jar:/home/ubuntu/.m2/repository/javax/mail/mailapi/1.4.3/mailapi-1.4.3.jar:/home/ubuntu/.m2/repository/joda-time/joda-time/2.9.7/joda-time-2.9.7.jar:/home/ubuntu/.m2/repository/com/googlecode/libphonenumber/libphonenumber/8.0.0/libphonenumber-8.0.0.jar:/home/ubuntu/.m2/repository/net/sf/jopt-simple/jopt-simple/5.0.3/jopt-simple-5.0.3.jar:/home/ubuntu/.m2/repository/io/rest-assured/rest-assured-all/4.0.0/rest-assured-all-4.0.0.jar:/home/ubuntu/.m2/repository/org/apache/commons/commons-lang3/3.4/commons-lang3-3.4.jar:/home/ubuntu/.m2/repository/javax/xml/bind/jaxb-api/2.2.12/jaxb-api-2.2.12.jar:/home/ubuntu/.m2/repository/com/sun/xml/bind/jaxb-osgi/2.2.10/jaxb-osgi-2.2.10.jar:/home/ubuntu/.m2/repository/org/apache/sling/org.apache.sling.javax.activation/0.1.0/org.apache.sling.javax.activation-0.1.0.jar:/home/ubuntu/.m2/repository/javax/activation/activation/1.1.1/activation-1.1.1.jar:/home/ubuntu/.m2/repository/com/google/code/gson/gson/2.8.4/gson-2.8.4.jar:/home/ubuntu/.m2/repository/org/json/json/20180813/json-20180813.jar:/home/ubuntu/.m2/repository/org/apache/commons/commons-exec/1.3/commons-exec-1.3.jar:"/>
    <property name="java.vm.vendor" value="Oracle Corporation"/>
    <property name="sun.arch.data.model" value="64"/>
    <property name="java.vendor.url" value="http://java.oracle.com/"/>
    <property name="user.timezone" value=""/>
    <property name="java.vm.specification.version" value="11"/>
    <property name="os.name" value="Linux"/>
    <property name="sun.java.launcher" value="SUN_STANDARD"/>
    <property name="user.country" value="US"/>
    <property name="sun.boot.library.path" value="/usr/lib/jvm/java-11-openjdk-amd64/lib"/>
    <property name="sun.java.command" value="/home/ubuntu/Intellij Idea/com.scenario_projects.mq_back_stage/target/surefire/surefirebooter15739498908379584312.jar /home/ubuntu/Intellij Idea/com.scenario_projects.mq_back_stage/target/surefire 2019-06-21T16-28-33_448-jvmRun1 surefire5363489681268316925tmp surefire_016664555603829996478tmp"/>
    <property name="jdk.debug" value="release"/>
    <property name="surefire.test.class.path" value="/home/ubuntu/Intellij Idea/com.scenario_projects.mq_back_stage/target/test-classes:/home/ubuntu/Intellij Idea/com.scenario_projects.mq_back_stage/target/classes:/home/ubuntu/.m2/repository/org/testng/testng/6.14.3/testng-6.14.3.jar:/home/ubuntu/.m2/repository/com/beust/jcommander/1.72/jcommander-1.72.jar:/home/ubuntu/.m2/repository/org/apache-extras/beanshell/bsh/2.0b6/bsh-2.0b6.jar:/home/ubuntu/.m2/repository/org/uncommons/reportng/1.1.4/reportng-1.1.4.jar:/home/ubuntu/.m2/repository/velocity/velocity/1.4/velocity-1.4.jar:/home/ubuntu/.m2/repository/velocity/velocity-dep/1.4/velocity-dep-1.4.jar:/home/ubuntu/.m2/repository/org/apache/velocity/velocity/1.7/velocity-1.7.jar:/home/ubuntu/.m2/repository/commons-collections/commons-collections/3.2.1/commons-collections-3.2.1.jar:/home/ubuntu/.m2/repository/commons-lang/commons-lang/2.4/commons-lang-2.4.jar:/home/ubuntu/.m2/repository/com/google/inject/guice/4.2.2/guice-4.2.2.jar:/home/ubuntu/.m2/repository/javax/inject/javax.inject/1/javax.inject-1.jar:/home/ubuntu/.m2/repository/aopalliance/aopalliance/1.0/aopalliance-1.0.jar:/home/ubuntu/.m2/repository/com/google/guava/guava/25.1-android/guava-25.1-android.jar:/home/ubuntu/.m2/repository/com/google/code/findbugs/jsr305/3.0.2/jsr305-3.0.2.jar:/home/ubuntu/.m2/repository/org/checkerframework/checker-compat-qual/2.0.0/checker-compat-qual-2.0.0.jar:/home/ubuntu/.m2/repository/com/google/errorprone/error_prone_annotations/2.1.3/error_prone_annotations-2.1.3.jar:/home/ubuntu/.m2/repository/com/google/j2objc/j2objc-annotations/1.1/j2objc-annotations-1.1.jar:/home/ubuntu/.m2/repository/org/codehaus/mojo/animal-sniffer-annotations/1.14/animal-sniffer-annotations-1.14.jar:/home/ubuntu/.m2/repository/org/apache/maven/maven-project/2.2.1/maven-project-2.2.1.jar:/home/ubuntu/.m2/repository/org/apache/maven/maven-settings/2.2.1/maven-settings-2.2.1.jar:/home/ubuntu/.m2/repository/org/apache/maven/maven-profile/2.2.1/maven-profile-2.2.1.jar:/home/ubuntu/.m2/repository/org/apache/maven/maven-model/2.2.1/maven-model-2.2.1.jar:/home/ubuntu/.m2/repository/org/apache/maven/maven-artifact-manager/2.2.1/maven-artifact-manager-2.2.1.jar:/home/ubuntu/.m2/repository/org/apache/maven/maven-repository-metadata/2.2.1/maven-repository-metadata-2.2.1.jar:/home/ubuntu/.m2/repository/org/apache/maven/wagon/wagon-provider-api/1.0-beta-6/wagon-provider-api-1.0-beta-6.jar:/home/ubuntu/.m2/repository/backport-util-concurrent/backport-util-concurrent/3.1/backport-util-concurrent-3.1.jar:/home/ubuntu/.m2/repository/org/apache/maven/maven-plugin-registry/2.2.1/maven-plugin-registry-2.2.1.jar:/home/ubuntu/.m2/repository/org/codehaus/plexus/plexus-interpolation/1.11/plexus-interpolation-1.11.jar:/home/ubuntu/.m2/repository/org/codehaus/plexus/plexus-utils/1.5.15/plexus-utils-1.5.15.jar:/home/ubuntu/.m2/repository/org/apache/maven/maven-artifact/2.2.1/maven-artifact-2.2.1.jar:/home/ubuntu/.m2/repository/org/codehaus/plexus/plexus-container-default/1.0-alpha-9-stable-1/plexus-container-default-1.0-alpha-9-stable-1.jar:/home/ubuntu/.m2/repository/junit/junit/3.8.1/junit-3.8.1.jar:/home/ubuntu/.m2/repository/classworlds/classworlds/1.1-alpha-2/classworlds-1.1-alpha-2.jar:/home/ubuntu/.m2/repository/io/rest-assured/rest-assured/4.0.0/rest-assured-4.0.0.jar:/home/ubuntu/.m2/repository/org/codehaus/groovy/groovy/2.5.6/groovy-2.5.6.jar:/home/ubuntu/.m2/repository/org/codehaus/groovy/groovy-xml/2.5.6/groovy-xml-2.5.6.jar:/home/ubuntu/.m2/repository/org/apache/httpcomponents/httpclient/4.5.3/httpclient-4.5.3.jar:/home/ubuntu/.m2/repository/org/apache/httpcomponents/httpcore/4.4.6/httpcore-4.4.6.jar:/home/ubuntu/.m2/repository/commons-logging/commons-logging/1.2/commons-logging-1.2.jar:/home/ubuntu/.m2/repository/commons-codec/commons-codec/1.9/commons-codec-1.9.jar:/home/ubuntu/.m2/repository/org/apache/httpcomponents/httpmime/4.5.3/httpmime-4.5.3.jar:/home/ubuntu/.m2/repository/org/hamcrest/hamcrest-core/2.1/hamcrest-core-2.1.jar:/home/ubuntu/.m2/repository/org/hamcrest/hamcrest/2.1/hamcrest-2.1.jar:/home/ubuntu/.m2/repository/org/hamcrest/hamcrest-library/2.1/hamcrest-library-2.1.jar:/home/ubuntu/.m2/repository/org/ccil/cowan/tagsoup/tagsoup/1.2.1/tagsoup-1.2.1.jar:/home/ubuntu/.m2/repository/io/rest-assured/xml-path/4.0.0/xml-path-4.0.0.jar:/home/ubuntu/.m2/repository/io/rest-assured/json-path/4.0.0/json-path-4.0.0.jar:/home/ubuntu/.m2/repository/org/codehaus/groovy/groovy-json/2.5.6/groovy-json-2.5.6.jar:/home/ubuntu/.m2/repository/io/rest-assured/rest-assured-common/4.0.0/rest-assured-common-4.0.0.jar:/home/ubuntu/.m2/repository/io/rest-assured/json-schema-validator/4.0.0/json-schema-validator-4.0.0.jar:/home/ubuntu/.m2/repository/com/github/java-json-tools/json-schema-validator/2.2.10/json-schema-validator-2.2.10.jar:/home/ubuntu/.m2/repository/com/github/java-json-tools/json-schema-core/1.2.10/json-schema-core-1.2.10.jar:/home/ubuntu/.m2/repository/com/github/java-json-tools/jackson-coreutils/1.9/jackson-coreutils-1.9.jar:/home/ubuntu/.m2/repository/com/fasterxml/jackson/core/jackson-databind/2.2.3/jackson-databind-2.2.3.jar:/home/ubuntu/.m2/repository/com/fasterxml/jackson/core/jackson-annotations/2.2.3/jackson-annotations-2.2.3.jar:/home/ubuntu/.m2/repository/com/fasterxml/jackson/core/jackson-core/2.2.3/jackson-core-2.2.3.jar:/home/ubuntu/.m2/repository/com/github/fge/msg-simple/1.1/msg-simple-1.1.jar:/home/ubuntu/.m2/repository/com/github/fge/btf/1.2/btf-1.2.jar:/home/ubuntu/.m2/repository/com/github/fge/uri-template/0.9/uri-template-0.9.jar:/home/ubuntu/.m2/repository/org/mozilla/rhino/1.7.7.1/rhino-1.7.7.1.jar:/home/ubuntu/.m2/repository/javax/mail/mailapi/1.4.3/mailapi-1.4.3.jar:/home/ubuntu/.m2/repository/joda-time/joda-time/2.9.7/joda-time-2.9.7.jar:/home/ubuntu/.m2/repository/com/googlecode/libphonenumber/libphonenumber/8.0.0/libphonenumber-8.0.0.jar:/home/ubuntu/.m2/repository/net/sf/jopt-simple/jopt-simple/5.0.3/jopt-simple-5.0.3.jar:/home/ubuntu/.m2/repository/io/rest-assured/rest-assured-all/4.0.0/rest-assured-all-4.0.0.jar:/home/ubuntu/.m2/repository/org/apache/commons/commons-lang3/3.4/commons-lang3-3.4.jar:/home/ubuntu/.m2/repository/javax/xml/bind/jaxb-api/2.2.12/jaxb-api-2.2.12.jar:/home/ubuntu/.m2/repository/com/sun/xml/bind/jaxb-osgi/2.2.10/jaxb-osgi-2.2.10.jar:/home/ubuntu/.m2/repository/org/apache/sling/org.apache.sling.javax.activation/0.1.0/org.apache.sling.javax.activation-0.1.0.jar:/home/ubuntu/.m2/repository/javax/activation/activation/1.1.1/activation-1.1.1.jar:/home/ubuntu/.m2/repository/com/google/code/gson/gson/2.8.4/gson-2.8.4.jar:/home/ubuntu/.m2/repository/org/json/json/20180813/json-20180813.jar:/home/ubuntu/.m2/repository/org/apache/commons/commons-exec/1.3/commons-exec-1.3.jar:"/>
    <property name="sun.cpu.endian" value="little"/>
    <property name="user.home" value="/home/ubuntu"/>
    <property name="user.language" value="en"/>
    <property name="java.specification.vendor" value="Oracle Corporation"/>
    <property name="java.version.date" value="2019-04-16"/>
    <property name="java.home" value="/usr/lib/jvm/java-11-openjdk-amd64"/>
    <property name="file.separator" value="/"/>
    <property name="basedir" value="/home/ubuntu/Intellij Idea/com.scenario_projects.mq_back_stage"/>
    <property name="java.vm.compressedOopsMode" value="Zero based"/>
    <property name="line.separator" value="&#10;"/>
    <property name="java.specification.name" value="Java Platform API Specification"/>
    <property name="java.vm.specification.vendor" value="Oracle Corporation"/>
    <property name="java.awt.graphicsenv" value="sun.awt.X11GraphicsEnvironment"/>
    <property name="surefire.real.class.path" value="/home/ubuntu/Intellij Idea/com.scenario_projects.mq_back_stage/target/surefire/surefirebooter15739498908379584312.jar"/>
    <property name="sun.management.compiler" value="HotSpot 64-Bit Tiered Compilers"/>
    <property name="java.runtime.version" value="11.0.3+7-Ubuntu-1ubuntu218.04.1"/>
    <property name="user.name" value="ubuntu"/>
    <property name="path.separator" value=":"/>
    <property name="os.version" value="4.15.0-52-generic"/>
    <property name="java.runtime.name" value="OpenJDK Runtime Environment"/>
    <property name="file.encoding" value="UTF-8"/>
    <property name="java.vm.name" value="OpenJDK 64-Bit Server VM"/>
    <property name="localRepository" value="/home/ubuntu/.m2/repository"/>
    <property name="java.vendor.url.bug" value="http://bugreport.java.com/bugreport/"/>
    <property name="java.io.tmpdir" value="/tmp"/>
    <property name="java.version" value="11.0.3"/>
    <property name="user.dir" value="/home/ubuntu/Intellij Idea/com.scenario_projects.mq_back_stage"/>
    <property name="os.arch" value="amd64"/>
    <property name="java.vm.specification.name" value="Java Virtual Machine Specification"/>
    <property name="java.awt.printerjob" value="sun.print.PSPrinterJob"/>
    <property name="idea.version2019.1.3" value="true"/>
    <property name="sun.os.patch.level" value="unknown"/>
    <property name="java.library.path" value="/usr/java/packages/lib:/usr/lib/x86_64-linux-gnu/jni:/lib/x86_64-linux-gnu:/usr/lib/x86_64-linux-gnu:/usr/lib/jni:/lib:/usr/lib"/>
    <property name="java.vendor" value="Oracle Corporation"/>
    <property name="java.vm.info" value="mixed mode, sharing"/>
    <property name="java.vm.version" value="11.0.3+7-Ubuntu-1ubuntu218.04.1"/>
    <property name="sun.io.unicode.encoding" value="UnicodeLittle"/>
    <property name="java.class.version" value="55.0"/>
  </properties>
  <testcase name="findUserByUserId" classname="com.scenario_projects.mq_back_stage.tests.users.N_0003_FindUserByUserIdTest" time="0.344"/>
  <testcase name="findUserByPublicAddress" classname="com.scenario_projects.mq_back_stage.tests.users.N_0001_FindUserByPublicAddressTest" time="0.293"/>
  <testcase name="authorizationAgain" classname="com.scenario_projects.mq_back_stage.tests.users.N_0036_AuthorizationFailed" time="0.484"/>
  <testcase name="authorizationSuccessful" classname="com.scenario_projects.mq_back_stage.tests.users.N_0002_Authorization" time="0.511"/>
</testsuite>