<?xml version="1.0" encoding="UTF-8"?>
<testsuite xmlns:xsi="http://www.w3.org/2001/XMLSchema-instance" xsi:noNamespaceSchemaLocation="https://maven.apache.org/surefire/maven-surefire-plugin/xsd/surefire-test-report-3.0.xsd" version="3.0" name="TestSuite" time="64.344" tests="58" errors="0" skipped="0" failures="0">
  <properties>
    <property name="sun.desktop" value="gnome"/>
    <property name="awt.toolkit" value="sun.awt.X11.XToolkit"/>
    <property name="java.specification.version" value="11"/>
    <property name="sun.cpu.isalist" value=""/>
    <property name="sun.jnu.encoding" value="UTF-8"/>
    <property name="org.uncommons.reportng.escape-output" value="false"/>
    <property name="java.class.path" value="/home/ubuntu/Intellij Idea/com.scenario_projects.mq_back_stage/target/test-classes:/home/ubuntu/Intellij Idea/com.scenario_projects.mq_back_stage/target/classes:/home/ubuntu/.m2/repository/org/testng/testng/6.14.3/testng-6.14.3.jar:/home/ubuntu/.m2/repository/com/beust/jcommander/1.72/jcommander-1.72.jar:/home/ubuntu/.m2/repository/org/apache-extras/beanshell/bsh/2.0b6/bsh-2.0b6.jar:/home/ubuntu/.m2/repository/org/uncommons/reportng/1.1.4/reportng-1.1.4.jar:/home/ubuntu/.m2/repository/velocity/velocity/1.4/velocity-1.4.jar:/home/ubuntu/.m2/repository/velocity/velocity-dep/1.4/velocity-dep-1.4.jar:/home/ubuntu/.m2/repository/org/apache/velocity/velocity/1.7/velocity-1.7.jar:/home/ubuntu/.m2/repository/commons-collections/commons-collections/3.2.1/commons-collections-3.2.1.jar:/home/ubuntu/.m2/repository/commons-lang/commons-lang/2.4/commons-lang-2.4.jar:/home/ubuntu/.m2/repository/com/google/inject/guice/4.2.2/guice-4.2.2.jar:/home/ubuntu/.m2/repository/javax/inject/javax.inject/1/javax.inject-1.jar:/home/ubuntu/.m2/repository/aopalliance/aopalliance/1.0/aopalliance-1.0.jar:/home/ubuntu/.m2/repository/com/google/guava/guava/25.1-android/guava-25.1-android.jar:/home/ubuntu/.m2/repository/com/google/code/findbugs/jsr305/3.0.2/jsr305-3.0.2.jar:/home/ubuntu/.m2/repository/org/checkerframework/checker-compat-qual/2.0.0/checker-compat-qual-2.0.0.jar:/home/ubuntu/.m2/repository/com/google/errorprone/error_prone_annotations/2.1.3/error_prone_annotations-2.1.3.jar:/home/ubuntu/.m2/repository/com/google/j2objc/j2objc-annotations/1.1/j2objc-annotations-1.1.jar:/home/ubuntu/.m2/repository/org/codehaus/mojo/animal-sniffer-annotations/1.14/animal-sniffer-annotations-1.14.jar:/home/ubuntu/.m2/repository/org/apache/maven/maven-project/2.2.1/maven-project-2.2.1.jar:/home/ubuntu/.m2/repository/org/apache/maven/maven-settings/2.2.1/maven-settings-2.2.1.jar:/home/ubuntu/.m2/repository/org/apache/maven/maven-profile/2.2.1/maven-profile-2.2.1.jar:/home/ubuntu/.m2/repository/org/apache/maven/maven-model/2.2.1/maven-model-2.2.1.jar:/home/ubuntu/.m2/repository/org/apache/maven/maven-artifact-manager/2.2.1/maven-artifact-manager-2.2.1.jar:/home/ubuntu/.m2/repository/org/apache/maven/maven-repository-metadata/2.2.1/maven-repository-metadata-2.2.1.jar:/home/ubuntu/.m2/repository/org/apache/maven/wagon/wagon-provider-api/1.0-beta-6/wagon-provider-api-1.0-beta-6.jar:/home/ubuntu/.m2/repository/backport-util-concurrent/backport-util-concurrent/3.1/backport-util-concurrent-3.1.jar:/home/ubuntu/.m2/repository/org/apache/maven/maven-plugin-registry/2.2.1/maven-plugin-registry-2.2.1.jar:/home/ubuntu/.m2/repository/org/codehaus/plexus/plexus-interpolation/1.11/plexus-interpolation-1.11.jar:/home/ubuntu/.m2/repository/org/codehaus/plexus/plexus-utils/1.5.15/plexus-utils-1.5.15.jar:/home/ubuntu/.m2/repository/org/apache/maven/maven-artifact/2.2.1/maven-artifact-2.2.1.jar:/home/ubuntu/.m2/repository/org/codehaus/plexus/plexus-container-default/1.0-alpha-9-stable-1/plexus-container-default-1.0-alpha-9-stable-1.jar:/home/ubuntu/.m2/repository/junit/junit/3.8.1/junit-3.8.1.jar:/home/ubuntu/.m2/repository/classworlds/classworlds/1.1-alpha-2/classworlds-1.1-alpha-2.jar:/home/ubuntu/.m2/repository/io/rest-assured/rest-assured/4.0.0/rest-assured-4.0.0.jar:/home/ubuntu/.m2/repository/org/codehaus/groovy/groovy/2.5.6/groovy-2.5.6.jar:/home/ubuntu/.m2/repository/org/codehaus/groovy/groovy-xml/2.5.6/groovy-xml-2.5.6.jar:/home/ubuntu/.m2/repository/org/apache/httpcomponents/httpclient/4.5.3/httpclient-4.5.3.jar:/home/ubuntu/.m2/repository/org/apache/httpcomponents/httpcore/4.4.6/httpcore-4.4.6.jar:/home/ubuntu/.m2/repository/commons-logging/commons-logging/1.2/commons-logging-1.2.jar:/home/ubuntu/.m2/repository/commons-codec/commons-codec/1.9/commons-codec-1.9.jar:/home/ubuntu/.m2/repository/org/apache/httpcomponents/httpmime/4.5.3/httpmime-4.5.3.jar:/home/ubuntu/.m2/repository/org/hamcrest/hamcrest-core/2.1/hamcrest-core-2.1.jar:/home/ubuntu/.m2/repository/org/hamcrest/hamcrest/2.1/hamcrest-2.1.jar:/home/ubuntu/.m2/repository/org/hamcrest/hamcrest-library/2.1/hamcrest-library-2.1.jar:/home/ubuntu/.m2/repository/org/ccil/cowan/tagsoup/tagsoup/1.2.1/tagsoup-1.2.1.jar:/home/ubuntu/.m2/repository/io/rest-assured/xml-path/4.0.0/xml-path-4.0.0.jar:/home/ubuntu/.m2/repository/io/rest-assured/json-path/4.0.0/json-path-4.0.0.jar:/home/ubuntu/.m2/repository/org/codehaus/groovy/groovy-json/2.5.6/groovy-json-2.5.6.jar:/home/ubuntu/.m2/repository/io/rest-assured/rest-assured-common/4.0.0/rest-assured-common-4.0.0.jar:/home/ubuntu/.m2/repository/io/rest-assured/json-schema-validator/4.0.0/json-schema-validator-4.0.0.jar:/home/ubuntu/.m2/repository/com/github/java-json-tools/json-schema-validator/2.2.10/json-schema-validator-2.2.10.jar:/home/ubuntu/.m2/repository/com/github/java-json-tools/json-schema-core/1.2.10/json-schema-core-1.2.10.jar:/home/ubuntu/.m2/repository/com/github/java-json-tools/jackson-coreutils/1.9/jackson-coreutils-1.9.jar:/home/ubuntu/.m2/repository/com/fasterxml/jackson/core/jackson-databind/2.2.3/jackson-databind-2.2.3.jar:/home/ubuntu/.m2/repository/com/fasterxml/jackson/core/jackson-annotations/2.2.3/jackson-annotations-2.2.3.jar:/home/ubuntu/.m2/repository/com/fasterxml/jackson/core/jackson-core/2.2.3/jackson-core-2.2.3.jar:/home/ubuntu/.m2/repository/com/github/fge/msg-simple/1.1/msg-simple-1.1.jar:/home/ubuntu/.m2/repository/com/github/fge/btf/1.2/btf-1.2.jar:/home/ubuntu/.m2/repository/com/github/fge/uri-template/0.9/uri-template-0.9.jar:/home/ubuntu/.m2/repository/org/mozilla/rhino/1.7.7.1/rhino-1.7.7.1.jar:/home/ubuntu/.m2/repository/javax/mail/mailapi/1.4.3/mailapi-1.4.3.jar:/home/ubuntu/.m2/repository/joda-time/joda-time/2.9.7/joda-time-2.9.7.jar:/home/ubuntu/.m2/repository/com/googlecode/libphonenumber/libphonenumber/8.0.0/libphonenumber-8.0.0.jar:/home/ubuntu/.m2/repository/net/sf/jopt-simple/jopt-simple/5.0.3/jopt-simple-5.0.3.jar:/home/ubuntu/.m2/repository/io/rest-assured/rest-assured-all/4.0.0/rest-assured-all-4.0.0.jar:/home/ubuntu/.m2/repository/org/apache/commons/commons-lang3/3.4/commons-lang3-3.4.jar:/home/ubuntu/.m2/repository/javax/xml/bind/jaxb-api/2.2.12/jaxb-api-2.2.12.jar:/home/ubuntu/.m2/repository/com/sun/xml/bind/jaxb-osgi/2.2.10/jaxb-osgi-2.2.10.jar:/home/ubuntu/.m2/repository/org/apache/sling/org.apache.sling.javax.activation/0.1.0/org.apache.sling.javax.activation-0.1.0.jar:/home/ubuntu/.m2/repository/javax/activation/activation/1.1.1/activation-1.1.1.jar:/home/ubuntu/.m2/repository/com/google/code/gson/gson/2.8.4/gson-2.8.4.jar:/home/ubuntu/.m2/repository/org/json/json/20180813/json-20180813.jar:/home/ubuntu/.m2/repository/org/apache/commons/commons-exec/1.3/commons-exec-1.3.jar:"/>
    <property name="java.vm.vendor" value="Oracle Corporation"/>
    <property name="sun.arch.data.model" value="64"/>
    <property name="java.vendor.url" value="http://java.oracle.com/"/>
    <property name="user.timezone" value=""/>
    <property name="java.vm.specification.version" value="11"/>
    <property name="os.name" value="Linux"/>
    <property name="sun.java.launcher" value="SUN_STANDARD"/>
    <property name="user.country" value="US"/>
    <property name="sun.boot.library.path" value="/usr/lib/jvm/java-11-openjdk-amd64/lib"/>
    <property name="sun.java.command" value="/home/ubuntu/Intellij Idea/com.scenario_projects.mq_back_stage/target/surefire/surefirebooter7789513500983030232.jar /home/ubuntu/Intellij Idea/com.scenario_projects.mq_back_stage/target/surefire 2019-07-05T16-19-12_855-jvmRun1 surefire18324778697769381309tmp surefire_015212329147223071363tmp"/>
    <property name="jdk.debug" value="release"/>
    <property name="surefire.test.class.path" value="/home/ubuntu/Intellij Idea/com.scenario_projects.mq_back_stage/target/test-classes:/home/ubuntu/Intellij Idea/com.scenario_projects.mq_back_stage/target/classes:/home/ubuntu/.m2/repository/org/testng/testng/6.14.3/testng-6.14.3.jar:/home/ubuntu/.m2/repository/com/beust/jcommander/1.72/jcommander-1.72.jar:/home/ubuntu/.m2/repository/org/apache-extras/beanshell/bsh/2.0b6/bsh-2.0b6.jar:/home/ubuntu/.m2/repository/org/uncommons/reportng/1.1.4/reportng-1.1.4.jar:/home/ubuntu/.m2/repository/velocity/velocity/1.4/velocity-1.4.jar:/home/ubuntu/.m2/repository/velocity/velocity-dep/1.4/velocity-dep-1.4.jar:/home/ubuntu/.m2/repository/org/apache/velocity/velocity/1.7/velocity-1.7.jar:/home/ubuntu/.m2/repository/commons-collections/commons-collections/3.2.1/commons-collections-3.2.1.jar:/home/ubuntu/.m2/repository/commons-lang/commons-lang/2.4/commons-lang-2.4.jar:/home/ubuntu/.m2/repository/com/google/inject/guice/4.2.2/guice-4.2.2.jar:/home/ubuntu/.m2/repository/javax/inject/javax.inject/1/javax.inject-1.jar:/home/ubuntu/.m2/repository/aopalliance/aopalliance/1.0/aopalliance-1.0.jar:/home/ubuntu/.m2/repository/com/google/guava/guava/25.1-android/guava-25.1-android.jar:/home/ubuntu/.m2/repository/com/google/code/findbugs/jsr305/3.0.2/jsr305-3.0.2.jar:/home/ubuntu/.m2/repository/org/checkerframework/checker-compat-qual/2.0.0/checker-compat-qual-2.0.0.jar:/home/ubuntu/.m2/repository/com/google/errorprone/error_prone_annotations/2.1.3/error_prone_annotations-2.1.3.jar:/home/ubuntu/.m2/repository/com/google/j2objc/j2objc-annotations/1.1/j2objc-annotations-1.1.jar:/home/ubuntu/.m2/repository/org/codehaus/mojo/animal-sniffer-annotations/1.14/animal-sniffer-annotations-1.14.jar:/home/ubuntu/.m2/repository/org/apache/maven/maven-project/2.2.1/maven-project-2.2.1.jar:/home/ubuntu/.m2/repository/org/apache/maven/maven-settings/2.2.1/maven-settings-2.2.1.jar:/home/ubuntu/.m2/repository/org/apache/maven/maven-profile/2.2.1/maven-profile-2.2.1.jar:/home/ubuntu/.m2/repository/org/apache/maven/maven-model/2.2.1/maven-model-2.2.1.jar:/home/ubuntu/.m2/repository/org/apache/maven/maven-artifact-manager/2.2.1/maven-artifact-manager-2.2.1.jar:/home/ubuntu/.m2/repository/org/apache/maven/maven-repository-metadata/2.2.1/maven-repository-metadata-2.2.1.jar:/home/ubuntu/.m2/repository/org/apache/maven/wagon/wagon-provider-api/1.0-beta-6/wagon-provider-api-1.0-beta-6.jar:/home/ubuntu/.m2/repository/backport-util-concurrent/backport-util-concurrent/3.1/backport-util-concurrent-3.1.jar:/home/ubuntu/.m2/repository/org/apache/maven/maven-plugin-registry/2.2.1/maven-plugin-registry-2.2.1.jar:/home/ubuntu/.m2/repository/org/codehaus/plexus/plexus-interpolation/1.11/plexus-interpolation-1.11.jar:/home/ubuntu/.m2/repository/org/codehaus/plexus/plexus-utils/1.5.15/plexus-utils-1.5.15.jar:/home/ubuntu/.m2/repository/org/apache/maven/maven-artifact/2.2.1/maven-artifact-2.2.1.jar:/home/ubuntu/.m2/repository/org/codehaus/plexus/plexus-container-default/1.0-alpha-9-stable-1/plexus-container-default-1.0-alpha-9-stable-1.jar:/home/ubuntu/.m2/repository/junit/junit/3.8.1/junit-3.8.1.jar:/home/ubuntu/.m2/repository/classworlds/classworlds/1.1-alpha-2/classworlds-1.1-alpha-2.jar:/home/ubuntu/.m2/repository/io/rest-assured/rest-assured/4.0.0/rest-assured-4.0.0.jar:/home/ubuntu/.m2/repository/org/codehaus/groovy/groovy/2.5.6/groovy-2.5.6.jar:/home/ubuntu/.m2/repository/org/codehaus/groovy/groovy-xml/2.5.6/groovy-xml-2.5.6.jar:/home/ubuntu/.m2/repository/org/apache/httpcomponents/httpclient/4.5.3/httpclient-4.5.3.jar:/home/ubuntu/.m2/repository/org/apache/httpcomponents/httpcore/4.4.6/httpcore-4.4.6.jar:/home/ubuntu/.m2/repository/commons-logging/commons-logging/1.2/commons-logging-1.2.jar:/home/ubuntu/.m2/repository/commons-codec/commons-codec/1.9/commons-codec-1.9.jar:/home/ubuntu/.m2/repository/org/apache/httpcomponents/httpmime/4.5.3/httpmime-4.5.3.jar:/home/ubuntu/.m2/repository/org/hamcrest/hamcrest-core/2.1/hamcrest-core-2.1.jar:/home/ubuntu/.m2/repository/org/hamcrest/hamcrest/2.1/hamcrest-2.1.jar:/home/ubuntu/.m2/repository/org/hamcrest/hamcrest-library/2.1/hamcrest-library-2.1.jar:/home/ubuntu/.m2/repository/org/ccil/cowan/tagsoup/tagsoup/1.2.1/tagsoup-1.2.1.jar:/home/ubuntu/.m2/repository/io/rest-assured/xml-path/4.0.0/xml-path-4.0.0.jar:/home/ubuntu/.m2/repository/io/rest-assured/json-path/4.0.0/json-path-4.0.0.jar:/home/ubuntu/.m2/repository/org/codehaus/groovy/groovy-json/2.5.6/groovy-json-2.5.6.jar:/home/ubuntu/.m2/repository/io/rest-assured/rest-assured-common/4.0.0/rest-assured-common-4.0.0.jar:/home/ubuntu/.m2/repository/io/rest-assured/json-schema-validator/4.0.0/json-schema-validator-4.0.0.jar:/home/ubuntu/.m2/repository/com/github/java-json-tools/json-schema-validator/2.2.10/json-schema-validator-2.2.10.jar:/home/ubuntu/.m2/repository/com/github/java-json-tools/json-schema-core/1.2.10/json-schema-core-1.2.10.jar:/home/ubuntu/.m2/repository/com/github/java-json-tools/jackson-coreutils/1.9/jackson-coreutils-1.9.jar:/home/ubuntu/.m2/repository/com/fasterxml/jackson/core/jackson-databind/2.2.3/jackson-databind-2.2.3.jar:/home/ubuntu/.m2/repository/com/fasterxml/jackson/core/jackson-annotations/2.2.3/jackson-annotations-2.2.3.jar:/home/ubuntu/.m2/repository/com/fasterxml/jackson/core/jackson-core/2.2.3/jackson-core-2.2.3.jar:/home/ubuntu/.m2/repository/com/github/fge/msg-simple/1.1/msg-simple-1.1.jar:/home/ubuntu/.m2/repository/com/github/fge/btf/1.2/btf-1.2.jar:/home/ubuntu/.m2/repository/com/github/fge/uri-template/0.9/uri-template-0.9.jar:/home/ubuntu/.m2/repository/org/mozilla/rhino/1.7.7.1/rhino-1.7.7.1.jar:/home/ubuntu/.m2/repository/javax/mail/mailapi/1.4.3/mailapi-1.4.3.jar:/home/ubuntu/.m2/repository/joda-time/joda-time/2.9.7/joda-time-2.9.7.jar:/home/ubuntu/.m2/repository/com/googlecode/libphonenumber/libphonenumber/8.0.0/libphonenumber-8.0.0.jar:/home/ubuntu/.m2/repository/net/sf/jopt-simple/jopt-simple/5.0.3/jopt-simple-5.0.3.jar:/home/ubuntu/.m2/repository/io/rest-assured/rest-assured-all/4.0.0/rest-assured-all-4.0.0.jar:/home/ubuntu/.m2/repository/org/apache/commons/commons-lang3/3.4/commons-lang3-3.4.jar:/home/ubuntu/.m2/repository/javax/xml/bind/jaxb-api/2.2.12/jaxb-api-2.2.12.jar:/home/ubuntu/.m2/repository/com/sun/xml/bind/jaxb-osgi/2.2.10/jaxb-osgi-2.2.10.jar:/home/ubuntu/.m2/repository/org/apache/sling/org.apache.sling.javax.activation/0.1.0/org.apache.sling.javax.activation-0.1.0.jar:/home/ubuntu/.m2/repository/javax/activation/activation/1.1.1/activation-1.1.1.jar:/home/ubuntu/.m2/repository/com/google/code/gson/gson/2.8.4/gson-2.8.4.jar:/home/ubuntu/.m2/repository/org/json/json/20180813/json-20180813.jar:/home/ubuntu/.m2/repository/org/apache/commons/commons-exec/1.3/commons-exec-1.3.jar:"/>
    <property name="sun.cpu.endian" value="little"/>
    <property name="user.home" value="/home/ubuntu"/>
    <property name="user.language" value="en"/>
    <property name="java.specification.vendor" value="Oracle Corporation"/>
    <property name="java.version.date" value="2019-04-16"/>
    <property name="java.home" value="/usr/lib/jvm/java-11-openjdk-amd64"/>
    <property name="file.separator" value="/"/>
    <property name="basedir" value="/home/ubuntu/Intellij Idea/com.scenario_projects.mq_back_stage"/>
    <property name="java.vm.compressedOopsMode" value="Zero based"/>
    <property name="line.separator" value="&#10;"/>
    <property name="java.specification.name" value="Java Platform API Specification"/>
    <property name="java.vm.specification.vendor" value="Oracle Corporation"/>
    <property name="java.awt.graphicsenv" value="sun.awt.X11GraphicsEnvironment"/>
    <property name="surefire.real.class.path" value="/home/ubuntu/Intellij Idea/com.scenario_projects.mq_back_stage/target/surefire/surefirebooter7789513500983030232.jar"/>
    <property name="sun.management.compiler" value="HotSpot 64-Bit Tiered Compilers"/>
    <property name="java.runtime.version" value="11.0.3+7-Ubuntu-1ubuntu218.04.1"/>
    <property name="user.name" value="ubuntu"/>
    <property name="path.separator" value=":"/>
    <property name="os.version" value="4.15.0-54-generic"/>
    <property name="java.runtime.name" value="OpenJDK Runtime Environment"/>
    <property name="file.encoding" value="UTF-8"/>
    <property name="java.vm.name" value="OpenJDK 64-Bit Server VM"/>
    <property name="localRepository" value="/home/ubuntu/.m2/repository"/>
    <property name="java.vendor.url.bug" value="http://bugreport.java.com/bugreport/"/>
    <property name="java.io.tmpdir" value="/tmp"/>
    <property name="java.version" value="11.0.3"/>
    <property name="user.dir" value="/home/ubuntu/Intellij Idea/com.scenario_projects.mq_back_stage"/>
    <property name="os.arch" value="amd64"/>
    <property name="java.vm.specification.name" value="Java Virtual Machine Specification"/>
    <property name="java.awt.printerjob" value="sun.print.PSPrinterJob"/>
    <property name="idea.version2019.1.3" value="true"/>
    <property name="sun.os.patch.level" value="unknown"/>
    <property name="java.library.path" value="/usr/java/packages/lib:/usr/lib/x86_64-linux-gnu/jni:/lib/x86_64-linux-gnu:/usr/lib/x86_64-linux-gnu:/usr/lib/jni:/lib:/usr/lib"/>
    <property name="java.vendor" value="Oracle Corporation"/>
    <property name="java.vm.info" value="mixed mode, sharing"/>
    <property name="java.vm.version" value="11.0.3+7-Ubuntu-1ubuntu218.04.1"/>
    <property name="sun.io.unicode.encoding" value="UnicodeLittle"/>
    <property name="java.class.version" value="55.0"/>
  </properties>
  <testcase name="findUserByUserId" classname="com.scenario_projects.mq_back_stage.tests.users.N_0003_FindUserByUserIdTest" time="0.384"/>
  <testcase name="findUserByPublicAddress" classname="com.scenario_projects.mq_back_stage.tests.users.N_0001_FindUserByPublicAddressTest" time="0.356"/>
  <testcase name="authorizationAgain" classname="com.scenario_projects.mq_back_stage.tests.users.N_0036_AuthorizationFailed" time="0.905"/>
  <testcase name="authorizationSuccessful" classname="com.scenario_projects.mq_back_stage.tests.users.N_0002_Authorization" time="0.479"/>
  <testcase name="getMarketsByMarketId" classname="com.scenario_projects.mq_back_stage.tests.markets.N_0023_FindMarketByMarketIdTest" time="0.3"/>
  <testcase name="getAllMarkets" classname="com.scenario_projects.mq_back_stage.tests.markets.N_0004_FindAllMarketsTest" time="0.318"/>
  <testcase name="getMarketsByTokenSymbols" classname="com.scenario_projects.mq_back_stage.tests.markets.N_0005_FindMarketsByTokenSymbolsTest" time="0.293"/>
  <testcase name="getMarketsByTokenSymbols" classname="com.scenario_projects.mq_back_stage.tests.data.N_0006_GetRelayer" time="0.29"/>
  <testcase name="getTradeHistory" classname="com.scenario_projects.mq_back_stage.tests.trade.N_0007_GetTradeHistory" time="0.324"/>
  <testcase name="getUserTradeHistory" classname="com.scenario_projects.mq_back_stage.tests.trade.N_0008_GetUserTradeHistory" time="0.324"/>
  <testcase name="getOrderBookHistoryByMarketId" classname="com.scenario_projects.mq_back_stage.tests.orderBook.N_0009_GetOrderBookHistoryByMarketId" time="0.415"/>
  <testcase name="getOrderBookHistoryForAllMarkets" classname="com.scenario_projects.mq_back_stage.tests.orderBook.N_0010_GetOrderBookHistoryForAllMarkets" time="0.35"/>
  <testcase name="getTradeDashboardDataByMarketId" classname="com.scenario_projects.mq_back_stage.tests.dashboard.N_0011_GetTradeDashboardDataByMarketIdTest" time="0.296"/>
  <testcase name="getChartDataForThePeriod" classname="com.scenario_projects.mq_back_stage.tests.dashboard.N_0013_GetChartDataForThePeriodTest" time="0.312"/>
  <testcase name="getLandingDashboardData" classname="com.scenario_projects.mq_back_stage.tests.dashboard.N_0012_GetLandingDashboardDataTest" time="0.341"/>
  <testcase name="getUserFavoritesMarkets" classname="com.scenario_projects.mq_back_stage.tests.favorites.N_0014_GetUserFavoritesMarketsTest" time="0.328"/>
  <testcase name="addMarketsToUserFavorites" classname="com.scenario_projects.mq_back_stage.tests.favorites.N_0015_AddMarketsToUserFavoritesTest" time="0.299"/>
  <testcase name="deleteMarketFromUserFavorites" classname="com.scenario_projects.mq_back_stage.tests.favorites.N_0016_DeleteMarketFromUserFavoritesTest" time="0.265"/>
  <testcase name="GetFeesWallets" classname="com.scenario_projects.mq_back_stage.tests.ethereum.N_0017_GetFeesWalletsTest" time="0.434"/>
  <testcase name="addNewToken" classname="com.scenario_projects.mq_back_stage.tests.admin.N_0050_AddNewTokenByNotAdminTest" time="0.298"/>
  <testcase name="getAdminTransactionList" classname="com.scenario_projects.mq_back_stage.tests.admin.N_0019_GetAdminTransactionListTest" time="0.361"/>
  <testcase name="updateTradeFees" classname="com.scenario_projects.mq_back_stage.tests.admin.N_0037_UpdateTradeFeesWithZeroValuesTest" time="0.306"/>
  <testcase name="addNewToken" classname="com.scenario_projects.mq_back_stage.tests.admin.N_0022_AddNewTokenTest" time="0.382"/>
  <testcase name="getUsersWallets" classname="com.scenario_projects.mq_back_stage.tests.admin.N_0018_GetUsersWalletsTest" time="0.289"/>
  <testcase name="checkAddNewTokenWithNotUniqueTokenName" classname="com.scenario_projects.mq_back_stage.tests.admin.N_0024_AddNewTokenWithNotUniqueTokenNameTest" time="0.311"/>
  <testcase name="updateTradeFees" classname="com.scenario_projects.mq_back_stage.tests.admin.N_0039_UpdateTradeFeesWithValuesMoreTenTest" time="0.298"/>
  <testcase name="checkAddNewTokenWithNotUniqueBaseTokenUrl" classname="com.scenario_projects.mq_back_stage.tests.admin.N_0025_AddNewTokenWithNotUniqueBaseTokenUrlTest" time="0.329"/>
  <testcase name="updateTradeFees" classname="com.scenario_projects.mq_back_stage.tests.admin.N_0021_UpdateTradeFeesTest" time="0.279"/>
  <testcase name="updateTradeFees" classname="com.scenario_projects.mq_back_stage.tests.admin.N_0038_UpdateTradeFeesWithNegativeValuesTest" time="0.369"/>
  <testcase name="getTradeFees" classname="com.scenario_projects.mq_back_stage.tests.admin.N_0020_GetTradeFeesTest" time="0.357"/>
  <testcase name="startBot" classname="com.scenario_projects.mq_back_stage.tests.adminBot.N_0043_StartBotWithNegativeValuesTest" time="0.283"/>
  <testcase name="getBotData" classname="com.scenario_projects.mq_back_stage.tests.adminBot.N_0052_CheckBotStatusInCreatedMarketTest" time="0.302"/>
  <testcase name="startBotAgain" classname="com.scenario_projects.mq_back_stage.tests.adminBot.N_0042_StartBotWhenBotIsAlreadyRunningTest" time="0.321"/>
  <testcase name="getOrderBookHistoryByMarketId" classname="com.scenario_projects.mq_back_stage.tests.adminBot.N_0041_CheckBotCreatedOrdersTest" time="0.344"/>
  <testcase name="startBot" classname="com.scenario_projects.mq_back_stage.tests.adminBot.N_0051_StartBotByNotAdminTest" time="0.672"/>
  <testcase name="startBot" classname="com.scenario_projects.mq_back_stage.tests.adminBot.N_0040_StartAndStopBotTest" time="1.285"/>
  <testcase name="getBotData" classname="com.scenario_projects.mq_back_stage.tests.adminBot.N_0040_StartAndStopBotTest" time="0.311"/>
  <testcase name="stopBot" classname="com.scenario_projects.mq_back_stage.tests.adminBot.N_0040_StartAndStopBotTest" time="0.335"/>
  <testcase name="getOrderByOrderId" classname="com.scenario_projects.mq_back_stage.tests.orders.N_0028_GetOrderByOrderIdTest" time="0.359"/>
  <testcase name="findUserOrdersByMarketId" classname="com.scenario_projects.mq_back_stage.tests.orders.N_0027_FindUserOrdersTest" time="0.272"/>
  <testcase name="createOrder" classname="com.scenario_projects.mq_back_stage.tests.orders.N_0026_CreateOrderTest" time="3.919"/>
  <testcase name="getExchangeTokenDataByTokenId" classname="com.scenario_projects.mq_back_stage.tests.exchange.N_0033_GetExchangeTokenDataByTokenIdTest" time="0.289"/>
  <testcase name="createExchangeOrder" classname="com.scenario_projects.mq_back_stage.tests.exchange.N_0044_CreateExchangeOrderWrapToTokenWithInvalidDataTest" time="0.581"/>
  <testcase name="createExchangeOrder" classname="com.scenario_projects.mq_back_stage.tests.exchange.N_0053_CreateExchangeOrderWrapToTokenWithWethValueMoreThanUserWethBalanceTest" time="0.571"/>
  <testcase name="createExchangeOrder" classname="com.scenario_projects.mq_back_stage.tests.exchange.N_0030_CreateExchangeOrderTokenToWrapTest" time="1.862"/>
  <testcase name="sendExchangeIdAndTransactionHashToBack" classname="com.scenario_projects.mq_back_stage.tests.exchange.N_0030_CreateExchangeOrderTokenToWrapTest" time="0.961"/>
  <testcase name="getExchangeTokenByTokenName" classname="com.scenario_projects.mq_back_stage.tests.exchange.N_0032_GetExchangeTokenDataByTokenNameTest" time="0.274"/>
  <testcase name="createExchangeOrder" classname="com.scenario_projects.mq_back_stage.tests.exchange.N_0045_CreateExchangeOrderTokenToWrapWithInvalidDataTest" time="0.536"/>
  <testcase name="createExchangeOrder" classname="com.scenario_projects.mq_back_stage.tests.exchange.N_0029_CreateExchangeOrderWrapToTokenTest" time="1.724"/>
  <testcase name="sendExchangeIdAndTransactionHashToBack" classname="com.scenario_projects.mq_back_stage.tests.exchange.N_0029_CreateExchangeOrderWrapToTokenTest" time="0.283"/>
  <testcase name="getExchangeOrderDataByTokenId" classname="com.scenario_projects.mq_back_stage.tests.exchange.N_0034_GetExchangeOrderDataByTokenIdTest" time="0.327"/>
  <testcase name="getExchangeOrderDataByTokenId" classname="com.scenario_projects.mq_back_stage.tests.exchange.N_0035_FindExchangeOrdersByUserIdTest" time="0.289"/>
  <testcase name="createExchangeOrder" classname="com.scenario_projects.mq_back_stage.tests.exchange.N_0049_CreateExchangeOrderTokenToTokenTest" time="0.304"/>
  <testcase name="getExchangeOrderByOrderId" classname="com.scenario_projects.mq_back_stage.tests.exchange.N_0031_GetExchangeOrderDataByOrderIdTest" time="0.358"/>
  <testcase name="createExchangeOrder" classname="com.scenario_projects.mq_back_stage.tests.exchange.N_0054_CreateExchangeOrderTokenToWrapWithTokenValueMoreThanUserWalletTokenBalanceTest" time="0.537"/>
  <testcase name="createExchangeOrder" classname="com.scenario_projects.mq_back_stage.tests.exchange.N_0046_CreateExchangeOrderTokenToWrapWithNegativeValuesTest" time="0.284"/>
  <testcase name="createExchangeOrder" classname="com.scenario_projects.mq_back_stage.tests.exchange.N_0047_CreateExchangeOrderTokenToWrapWithZeroValueTest" time="0.297"/>
  <testcase name="createExchangeOrder" classname="com.scenario_projects.mq_back_stage.tests.exchange.N_0048_CreateExchangeOrderWrapToWrapTest" time="0.284"/>
</testsuite>